# JRE version: Java(TM) SE Runtime Environment (7.0_51-b13) (build 1.7.0_51-b13)
# Java VM: Java HotSpot(TM) 64-Bit Server VM (24.51-b03 mixed mode windows-amd64 compressed oops)
Heap
 PSYoungGen      total 68096K, used 57670K [0x00000000faa80000, 0x0000000100000000, 0x0000000100000000)
  eden space 56832K, 81% used [0x00000000faa80000,0x00000000fd7fb7f8,0x00000000fe200000)
  from space 11264K, 98% used [0x00000000fe400000,0x00000000feed6108,0x00000000fef00000)
  to   space 15360K, 0% used [0x00000000ff100000,0x00000000ff100000,0x0000000100000000)
 ParOldGen       total 68096K, used 45734K [0x00000000f0000000, 0x00000000f4280000, 0x00000000faa80000)
  object space 68096K, 67% used [0x00000000f0000000,0x00000000f2ca9900,0x00000000f4280000)
 PSPermGen       total 79872K, used 54380K [0x00000000eae00000, 0x00000000efc00000, 0x00000000f0000000)
  object space 79872K, 68% used [0x00000000eae00000,0x00000000ee31b2c8,0x00000000efc00000)
GC Heap History (10 events):
Event: 236.335 GC heap before
{Heap before GC invocations=22 (full 1):
 PSYoungGen      total 75264K, used 70205K [0x00000000faa80000, 0x00000000fff00000, 0x0000000100000000)
  eden space 64000K, 100% used [0x00000000faa80000,0x00000000fe900000,0x00000000fe900000)
  from space 11264K, 55% used [0x00000000ff400000,0x00000000ffa0f648,0x00000000fff00000)
  to   space 11264K, 0% used [0x00000000fe900000,0x00000000fe900000,0x00000000ff400000)
 ParOldGen       total 68096K, used 45710K [0x00000000f0000000, 0x00000000f4280000, 0x00000000faa80000)
  object space 68096K, 67% used [0x00000000f0000000,0x00000000f2ca3900,0x00000000f4280000)
 PSPermGen       total 79872K, used 51722K [0x00000000eae00000, 0x00000000efc00000, 0x00000000f0000000)
  object space 79872K, 64% used [0x00000000eae00000,0x00000000ee082bf8,0x00000000efc00000)
Event: 236.349 GC heap after
Heap after GC invocations=22 (full 1):
 PSYoungGen      total 75264K, used 7812K [0x00000000faa80000, 0x0000000100000000, 0x0000000100000000)
  eden space 64000K, 0% used [0x00000000faa80000,0x00000000faa80000,0x00000000fe900000)
  from space 11264K, 69% used [0x00000000fe900000,0x00000000ff0a10b0,0x00000000ff400000)
  to   space 11776K, 0% used [0x00000000ff480000,0x00000000ff480000,0x0000000100000000)
 ParOldGen       total 68096K, used 45718K [0x00000000f0000000, 0x00000000f4280000, 0x00000000faa80000)
  object space 68096K, 67% used [0x00000000f0000000,0x00000000f2ca5900,0x00000000f4280000)
 PSPermGen       total 79872K, used 51722K [0x00000000eae00000, 0x00000000efc00000, 0x00000000f0000000)
  object space 79872K, 64% used [0x00000000eae00000,0x00000000ee082bf8,0x00000000efc00000)
}
Event: 265.863 GC heap before
{Heap before GC invocations=23 (full 1):
 PSYoungGen      total 75264K, used 71812K [0x00000000faa80000, 0x0000000100000000, 0x0000000100000000)
  eden space 64000K, 100% used [0x00000000faa80000,0x00000000fe900000,0x00000000fe900000)
  from space 11264K, 69% used [0x00000000fe900000,0x00000000ff0a10b0,0x00000000ff400000)
  to   space 11776K, 0% used [0x00000000ff480000,0x00000000ff480000,0x0000000100000000)
 ParOldGen       total 68096K, used 45718K [0x00000000f0000000, 0x00000000f4280000, 0x00000000faa80000)
  object space 68096K, 67% used [0x00000000f0000000,0x00000000f2ca5900,0x00000000f4280000)
 PSPermGen       total 79872K, used 53115K [0x00000000eae00000, 0x00000000efc00000, 0x00000000f0000000)
  object space 79872K, 66% used [0x00000000eae00000,0x00000000ee1defa0,0x00000000efc00000)
Event: 265.872 GC heap after
Heap after GC invocations=23 (full 1):
 PSYoungGen      total 73728K, used 9696K [0x00000000faa80000, 0x0000000100000000, 0x0000000100000000)
  eden space 61952K, 0% used [0x00000000faa80000,0x00000000faa80000,0x00000000fe700000)
  from space 11776K, 82% used [0x00000000ff480000,0x00000000ffdf8110,0x0000000100000000)
  to   space 12800K, 0% used [0x00000000fe700000,0x00000000fe700000,0x00000000ff380000)
 ParOldGen       total 68096K, used 45718K [0x00000000f0000000, 0x00000000f4280000, 0x00000000faa80000)
  object space 68096K, 67% used [0x00000000f0000000,0x00000000f2ca5900,0x00000000f4280000)
 PSPermGen       total 79872K, used 53115K [0x00000000eae00000, 0x00000000efc00000, 0x00000000f0000000)
  object space 79872K, 66% used [0x00000000eae00000,0x00000000ee1defa0,0x00000000efc00000)
}
Event: 320.913 GC heap before
{Heap before GC invocations=24 (full 1):
 PSYoungGen      total 73728K, used 71648K [0x00000000faa80000, 0x0000000100000000, 0x0000000100000000)
  eden space 61952K, 100% used [0x00000000faa80000,0x00000000fe700000,0x00000000fe700000)
  from space 11776K, 82% used [0x00000000ff480000,0x00000000ffdf8110,0x0000000100000000)
  to   space 12800K, 0% used [0x00000000fe700000,0x00000000fe700000,0x00000000ff380000)
 ParOldGen       total 68096K, used 45718K [0x00000000f0000000, 0x00000000f4280000, 0x00000000faa80000)
  object space 68096K, 67% used [0x00000000f0000000,0x00000000f2ca5900,0x00000000f4280000)
 PSPermGen       total 79872K, used 53903K [0x00000000eae00000, 0x00000000efc00000, 0x00000000f0000000)
  object space 79872K, 67% used [0x00000000eae00000,0x00000000ee2a3e60,0x00000000efc00000)
Event: 320.927 GC heap after
Heap after GC invocations=24 (full 1):
 PSYoungGen      total 72704K, used 10359K [0x00000000faa80000, 0x0000000100000000, 0x0000000100000000)
  eden space 61952K, 0% used [0x00000000faa80000,0x00000000faa80000,0x00000000fe700000)
  from space 10752K, 96% used [0x00000000fe700000,0x00000000ff11dd60,0x00000000ff180000)
  to   space 13824K, 0% used [0x00000000ff280000,0x00000000ff280000,0x0000000100000000)
 ParOldGen       total 68096K, used 45726K [0x00000000f0000000, 0x00000000f4280000, 0x00000000faa80000)
  object space 68096K, 67% used [0x00000000f0000000,0x00000000f2ca7900,0x00000000f4280000)
 PSPermGen       total 79872K, used 53903K [0x00000000eae00000, 0x00000000efc00000, 0x00000000f0000000)
  object space 79872K, 67% used [0x00000000eae00000,0x00000000ee2a3e60,0x00000000efc00000)
}
Event: 373.589 GC heap before
{Heap before GC invocations=25 (full 1):
 PSYoungGen      total 72704K, used 72311K [0x00000000faa80000, 0x0000000100000000, 0x0000000100000000)
  eden space 61952K, 100% used [0x00000000faa80000,0x00000000fe700000,0x00000000fe700000)
  from space 10752K, 96% used [0x00000000fe700000,0x00000000ff11dd60,0x00000000ff180000)
  to   space 13824K, 0% used [0x00000000ff280000,0x00000000ff280000,0x0000000100000000)
 ParOldGen       total 68096K, used 45726K [0x00000000f0000000, 0x00000000f4280000, 0x00000000faa80000)
  object space 68096K, 67% used [0x00000000f0000000,0x00000000f2ca7900,0x00000000f4280000)
 PSPermGen       total 79872K, used 54108K [0x00000000eae00000, 0x00000000efc00000, 0x00000000f0000000)
  object space 79872K, 67% used [0x00000000eae00000,0x00000000ee2d70c8,0x00000000efc00000)
Event: 373.608 GC heap after
Heap after GC invocations=25 (full 1):
 PSYoungGen      total 72704K, used 10920K [0x00000000faa80000, 0x0000000100000000, 0x0000000100000000)
  eden space 58880K, 0% used [0x00000000faa80000,0x00000000faa80000,0x00000000fe400000)
  from space 13824K, 78% used [0x00000000ff280000,0x00000000ffd2a0c0,0x0000000100000000)
  to   space 14336K, 0% used [0x00000000fe400000,0x00000000fe400000,0x00000000ff200000)
 ParOldGen       total 68096K, used 45734K [0x00000000f0000000, 0x00000000f4280000, 0x00000000faa80000)
  object space 68096K, 67% used [0x00000000f0000000,0x00000000f2ca9900,0x00000000f4280000)
 PSPermGen       total 79872K, used 54108K [0x00000000eae00000, 0x00000000efc00000, 0x00000000f0000000)
  object space 79872K, 67% used [0x00000000eae00000,0x00000000ee2d70c8,0x00000000efc00000)
}
Event: 424.296 GC heap before
{Heap before GC invocations=26 (full 1):
 PSYoungGen      total 72704K, used 69800K [0x00000000faa80000, 0x0000000100000000, 0x0000000100000000)
  eden space 58880K, 100% used [0x00000000faa80000,0x00000000fe400000,0x00000000fe400000)
  from space 13824K, 78% used [0x00000000ff280000,0x00000000ffd2a0c0,0x0000000100000000)
  to   space 14336K, 0% used [0x00000000fe400000,0x00000000fe400000,0x00000000ff200000)
 ParOldGen       total 68096K, used 45734K [0x00000000f0000000, 0x00000000f4280000, 0x00000000faa80000)
  object space 68096K, 67% used [0x00000000f0000000,0x00000000f2ca9900,0x00000000f4280000)
 PSPermGen       total 79872K, used 54355K [0x00000000eae00000, 0x00000000efc00000, 0x00000000f0000000)
  object space 79872K, 68% used [0x00000000eae00000,0x00000000ee314f00,0x00000000efc00000)
Event: 424.306 GC heap after
Heap after GC invocations=26 (full 1):
 PSYoungGen      total 68096K, used 11096K [0x00000000faa80000, 0x0000000100000000, 0x0000000100000000)
  eden space 56832K, 0% used [0x00000000faa80000,0x00000000faa80000,0x00000000fe200000)
  from space 11264K, 98% used [0x00000000fe400000,0x00000000feed6108,0x00000000fef00000)
  to   space 15360K, 0% used [0x00000000ff100000,0x00000000ff100000,0x0000000100000000)
 ParOldGen       total 68096K, used 45734K [0x00000000f0000000, 0x00000000f4280000, 0x00000000faa80000)
  object space 68096K, 67% used [0x00000000f0000000,0x00000000f2ca9900,0x00000000f4280000)
 PSPermGen       total 79872K, used 54355K [0x00000000eae00000, 0x00000000efc00000, 0x00000000f0000000)
  object space 79872K, 68% used [0x00000000eae00000,0x00000000ee314f00,0x00000000efc00000)
}

