# JRE version: Java(TM) SE Runtime Environment (7.0_51-b13) (build 1.7.0_51-b13)
# Java VM: Java HotSpot(TM) 64-Bit Server VM (24.51-b03 mixed mode windows-amd64 compressed oops)
Heap
 PSYoungGen      total 67072K, used 58792K [0x00000000faa80000, 0x0000000100000000, 0x0000000100000000)
  eden space 55808K, 85% used [0x00000000faa80000,0x00000000fd94d450,0x00000000fe100000)
  from space 11264K, 96% used [0x00000000fe100000,0x00000000feb9ce10,0x00000000fec00000)
  to   space 16384K, 0% used [0x00000000ff000000,0x00000000ff000000,0x0000000100000000)
 ParOldGen       total 101376K, used 80060K [0x00000000f0000000, 0x00000000f6300000, 0x00000000faa80000)
  object space 101376K, 78% used [0x00000000f0000000,0x00000000f4e2f040,0x00000000f6300000)
 PSPermGen       total 83968K, used 54864K [0x00000000eae00000, 0x00000000f0000000, 0x00000000f0000000)
  object space 83968K, 65% used [0x00000000eae00000,0x00000000ee394268,0x00000000f0000000)
GC Heap History (10 events):
Event: 100.207 GC heap before
{Heap before GC invocations=47 (full 2):
 PSYoungGen      total 69632K, used 69605K [0x00000000faa80000, 0x0000000100000000, 0x0000000100000000)
  eden space 58880K, 100% used [0x00000000faa80000,0x00000000fe400000,0x00000000fe400000)
  from space 10752K, 99% used [0x00000000ff580000,0x00000000ffff96c8,0x0000000100000000)
  to   space 14336K, 0% used [0x00000000fe400000,0x00000000fe400000,0x00000000ff200000)
 ParOldGen       total 101376K, used 74326K [0x00000000f0000000, 0x00000000f6300000, 0x00000000faa80000)
  object space 101376K, 73% used [0x00000000f0000000,0x00000000f4895950,0x00000000f6300000)
 PSPermGen       total 83968K, used 52773K [0x00000000eae00000, 0x00000000f0000000, 0x00000000f0000000)
  object space 83968K, 62% used [0x00000000eae00000,0x00000000ee189670,0x00000000f0000000)
Event: 100.229 GC heap after
Heap after GC invocations=47 (full 2):
 PSYoungGen      total 69120K, used 9874K [0x00000000faa80000, 0x0000000100000000, 0x0000000100000000)
  eden space 58880K, 0% used [0x00000000faa80000,0x00000000faa80000,0x00000000fe400000)
  from space 10240K, 96% used [0x00000000fe400000,0x00000000feda49f8,0x00000000fee00000)
  to   space 14848K, 0% used [0x00000000ff180000,0x00000000ff180000,0x0000000100000000)
 ParOldGen       total 101376K, used 80060K [0x00000000f0000000, 0x00000000f6300000, 0x00000000faa80000)
  object space 101376K, 78% used [0x00000000f0000000,0x00000000f4e2f040,0x00000000f6300000)
 PSPermGen       total 83968K, used 52773K [0x00000000eae00000, 0x00000000f0000000, 0x00000000f0000000)
  object space 83968K, 62% used [0x00000000eae00000,0x00000000ee189670,0x00000000f0000000)
}
Event: 405.926 GC heap before
{Heap before GC invocations=48 (full 2):
 PSYoungGen      total 69120K, used 68754K [0x00000000faa80000, 0x0000000100000000, 0x0000000100000000)
  eden space 58880K, 100% used [0x00000000faa80000,0x00000000fe400000,0x00000000fe400000)
  from space 10240K, 96% used [0x00000000fe400000,0x00000000feda49f8,0x00000000fee00000)
  to   space 14848K, 0% used [0x00000000ff180000,0x00000000ff180000,0x0000000100000000)
 ParOldGen       total 101376K, used 80060K [0x00000000f0000000, 0x00000000f6300000, 0x00000000faa80000)
  object space 101376K, 78% used [0x00000000f0000000,0x00000000f4e2f040,0x00000000f6300000)
 PSPermGen       total 83968K, used 53057K [0x00000000eae00000, 0x00000000f0000000, 0x00000000f0000000)
  object space 83968K, 63% used [0x00000000eae00000,0x00000000ee1d05f8,0x00000000f0000000)
Event: 405.935 GC heap after
Heap after GC invocations=48 (full 2):
 PSYoungGen      total 71680K, used 9081K [0x00000000faa80000, 0x0000000100000000, 0x0000000100000000)
  eden space 56832K, 0% used [0x00000000faa80000,0x00000000faa80000,0x00000000fe200000)
  from space 14848K, 61% used [0x00000000ff180000,0x00000000ffa5e488,0x0000000100000000)
  to   space 15360K, 0% used [0x00000000fe200000,0x00000000fe200000,0x00000000ff100000)
 ParOldGen       total 101376K, used 80060K [0x00000000f0000000, 0x00000000f6300000, 0x00000000faa80000)
  object space 101376K, 78% used [0x00000000f0000000,0x00000000f4e2f040,0x00000000f6300000)
 PSPermGen       total 83968K, used 53057K [0x00000000eae00000, 0x00000000f0000000, 0x00000000f0000000)
  object space 83968K, 63% used [0x00000000eae00000,0x00000000ee1d05f8,0x00000000f0000000)
}
Event: 442.825 GC heap before
{Heap before GC invocations=49 (full 2):
 PSYoungGen      total 71680K, used 65913K [0x00000000faa80000, 0x0000000100000000, 0x0000000100000000)
  eden space 56832K, 100% used [0x00000000faa80000,0x00000000fe200000,0x00000000fe200000)
  from space 14848K, 61% used [0x00000000ff180000,0x00000000ffa5e488,0x0000000100000000)
  to   space 15360K, 0% used [0x00000000fe200000,0x00000000fe200000,0x00000000ff100000)
 ParOldGen       total 101376K, used 80060K [0x00000000f0000000, 0x00000000f6300000, 0x00000000faa80000)
  object space 101376K, 78% used [0x00000000f0000000,0x00000000f4e2f040,0x00000000f6300000)
 PSPermGen       total 83968K, used 53853K [0x00000000eae00000, 0x00000000f0000000, 0x00000000f0000000)
  object space 83968K, 64% used [0x00000000eae00000,0x00000000ee297570,0x00000000f0000000)
Event: 442.843 GC heap after
Heap after GC invocations=49 (full 2):
 PSYoungGen      total 72192K, used 8904K [0x00000000faa80000, 0x00000000fff80000, 0x0000000100000000)
  eden space 56832K, 0% used [0x00000000faa80000,0x00000000faa80000,0x00000000fe200000)
  from space 15360K, 57% used [0x00000000fe200000,0x00000000feab2030,0x00000000ff100000)
  to   space 14848K, 0% used [0x00000000ff100000,0x00000000ff100000,0x00000000fff80000)
 ParOldGen       total 101376K, used 80060K [0x00000000f0000000, 0x00000000f6300000, 0x00000000faa80000)
  object space 101376K, 78% used [0x00000000f0000000,0x00000000f4e2f040,0x00000000f6300000)
 PSPermGen       total 83968K, used 53853K [0x00000000eae00000, 0x00000000f0000000, 0x00000000f0000000)
  object space 83968K, 64% used [0x00000000eae00000,0x00000000ee297570,0x00000000f0000000)
}
Event: 489.719 GC heap before
{Heap before GC invocations=50 (full 2):
 PSYoungGen      total 72192K, used 65736K [0x00000000faa80000, 0x00000000fff80000, 0x0000000100000000)
  eden space 56832K, 100% used [0x00000000faa80000,0x00000000fe200000,0x00000000fe200000)
  from space 15360K, 57% used [0x00000000fe200000,0x00000000feab2030,0x00000000ff100000)
  to   space 14848K, 0% used [0x00000000ff100000,0x00000000ff100000,0x00000000fff80000)
 ParOldGen       total 101376K, used 80060K [0x00000000f0000000, 0x00000000f6300000, 0x00000000faa80000)
  object space 101376K, 78% used [0x00000000f0000000,0x00000000f4e2f040,0x00000000f6300000)
 PSPermGen       total 83968K, used 54608K [0x00000000eae00000, 0x00000000f0000000, 0x00000000f0000000)
  object space 83968K, 65% used [0x00000000eae00000,0x00000000ee354198,0x00000000f0000000)
Event: 489.728 GC heap after
Heap after GC invocations=50 (full 2):
 PSYoungGen      total 70656K, used 11025K [0x00000000faa80000, 0x0000000100000000, 0x0000000100000000)
  eden space 55808K, 0% used [0x00000000faa80000,0x00000000faa80000,0x00000000fe100000)
  from space 14848K, 74% used [0x00000000ff100000,0x00000000ffbc4748,0x00000000fff80000)
  to   space 15872K, 0% used [0x00000000fe100000,0x00000000fe100000,0x00000000ff080000)
 ParOldGen       total 101376K, used 80060K [0x00000000f0000000, 0x00000000f6300000, 0x00000000faa80000)
  object space 101376K, 78% used [0x00000000f0000000,0x00000000f4e2f040,0x00000000f6300000)
 PSPermGen       total 83968K, used 54608K [0x00000000eae00000, 0x00000000f0000000, 0x00000000f0000000)
  object space 83968K, 65% used [0x00000000eae00000,0x00000000ee354198,0x00000000f0000000)
}
Event: 513.558 GC heap before
{Heap before GC invocations=51 (full 2):
 PSYoungGen      total 70656K, used 66833K [0x00000000faa80000, 0x0000000100000000, 0x0000000100000000)
  eden space 55808K, 100% used [0x00000000faa80000,0x00000000fe100000,0x00000000fe100000)
  from space 14848K, 74% used [0x00000000ff100000,0x00000000ffbc4748,0x00000000fff80000)
  to   space 15872K, 0% used [0x00000000fe100000,0x00000000fe100000,0x00000000ff080000)
 ParOldGen       total 101376K, used 80060K [0x00000000f0000000, 0x00000000f6300000, 0x00000000faa80000)
  object space 101376K, 78% used [0x00000000f0000000,0x00000000f4e2f040,0x00000000f6300000)
 PSPermGen       total 83968K, used 54696K [0x00000000eae00000, 0x00000000f0000000, 0x00000000f0000000)
  object space 83968K, 65% used [0x00000000eae00000,0x00000000ee36a120,0x00000000f0000000)
Event: 513.567 GC heap after
Heap after GC invocations=51 (full 2):
 PSYoungGen      total 67072K, used 10867K [0x00000000faa80000, 0x0000000100000000, 0x0000000100000000)
  eden space 55808K, 0% used [0x00000000faa80000,0x00000000faa80000,0x00000000fe100000)
  from space 11264K, 96% used [0x00000000fe100000,0x00000000feb9ce10,0x00000000fec00000)
  to   space 16384K, 0% used [0x00000000ff000000,0x00000000ff000000,0x0000000100000000)
 ParOldGen       total 101376K, used 80060K [0x00000000f0000000, 0x00000000f6300000, 0x00000000faa80000)
  object space 101376K, 78% used [0x00000000f0000000,0x00000000f4e2f040,0x00000000f6300000)
 PSPermGen       total 83968K, used 54696K [0x00000000eae00000, 0x00000000f0000000, 0x00000000f0000000)
  object space 83968K, 65% used [0x00000000eae00000,0x00000000ee36a120,0x00000000f0000000)
}

