# JRE version: Java(TM) SE Runtime Environment (7.0_51-b13) (build 1.7.0_51-b13)
# Java VM: Java HotSpot(TM) 64-Bit Server VM (24.51-b03 mixed mode windows-amd64 compressed oops)
Heap
 PSYoungGen      total 44544K, used 32829K [0x00000000faa80000, 0x00000000ff880000, 0x0000000100000000)
  eden space 31232K, 62% used [0x00000000faa80000,0x00000000fbd95288,0x00000000fc900000)
  from space 13312K, 99% used [0x00000000fc900000,0x00000000fd5fa320,0x00000000fd600000)
  to   space 24064K, 0% used [0x00000000fe100000,0x00000000fe100000,0x00000000ff880000)
 ParOldGen       total 117760K, used 75889K [0x00000000f0000000, 0x00000000f7300000, 0x00000000faa80000)
  object space 117760K, 64% used [0x00000000f0000000,0x00000000f4a1c6b0,0x00000000f7300000)
 PSPermGen       total 83968K, used 54200K [0x00000000eae00000, 0x00000000f0000000, 0x00000000f0000000)
  object space 83968K, 64% used [0x00000000eae00000,0x00000000ee2ee3b0,0x00000000f0000000)
GC Heap History (10 events):
Event: 28.420 GC heap before
{Heap before GC invocations=37 (full 2):
 PSYoungGen      total 58368K, used 40225K [0x00000000faa80000, 0x0000000100000000, 0x0000000100000000)
  eden space 29184K, 100% used [0x00000000faa80000,0x00000000fc700000,0x00000000fc700000)
  from space 29184K, 37% used [0x00000000fe380000,0x00000000fee48568,0x0000000100000000)
  to   space 29184K, 0% used [0x00000000fc700000,0x00000000fc700000,0x00000000fe380000)
 ParOldGen       total 117760K, used 75865K [0x00000000f0000000, 0x00000000f7300000, 0x00000000faa80000)
  object space 117760K, 64% used [0x00000000f0000000,0x00000000f4a166b0,0x00000000f7300000)
 PSPermGen       total 83968K, used 53795K [0x00000000eae00000, 0x00000000f0000000, 0x00000000f0000000)
  object space 83968K, 64% used [0x00000000eae00000,0x00000000ee288c00,0x00000000f0000000)
Event: 28.430 GC heap after
Heap after GC invocations=37 (full 2):
 PSYoungGen      total 41472K, used 11844K [0x00000000faa80000, 0x00000000ffe00000, 0x0000000100000000)
  eden space 29184K, 0% used [0x00000000faa80000,0x00000000faa80000,0x00000000fc700000)
  from space 12288K, 96% used [0x00000000fc700000,0x00000000fd291078,0x00000000fd300000)
  to   space 28160K, 0% used [0x00000000fe280000,0x00000000fe280000,0x00000000ffe00000)
 ParOldGen       total 117760K, used 75873K [0x00000000f0000000, 0x00000000f7300000, 0x00000000faa80000)
  object space 117760K, 64% used [0x00000000f0000000,0x00000000f4a186b0,0x00000000f7300000)
 PSPermGen       total 83968K, used 53795K [0x00000000eae00000, 0x00000000f0000000, 0x00000000f0000000)
  object space 83968K, 64% used [0x00000000eae00000,0x00000000ee288c00,0x00000000f0000000)
}
Event: 67.388 GC heap before
{Heap before GC invocations=38 (full 2):
 PSYoungGen      total 41472K, used 41028K [0x00000000faa80000, 0x00000000ffe00000, 0x0000000100000000)
  eden space 29184K, 100% used [0x00000000faa80000,0x00000000fc700000,0x00000000fc700000)
  from space 12288K, 96% used [0x00000000fc700000,0x00000000fd291078,0x00000000fd300000)
  to   space 28160K, 0% used [0x00000000fe280000,0x00000000fe280000,0x00000000ffe00000)
 ParOldGen       total 117760K, used 75873K [0x00000000f0000000, 0x00000000f7300000, 0x00000000faa80000)
  object space 117760K, 64% used [0x00000000f0000000,0x00000000f4a186b0,0x00000000f7300000)
 PSPermGen       total 83968K, used 53909K [0x00000000eae00000, 0x00000000f0000000, 0x00000000f0000000)
  object space 83968K, 64% used [0x00000000eae00000,0x00000000ee2a55f0,0x00000000f0000000)
Event: 67.406 GC heap after
Heap after GC invocations=38 (full 2):
 PSYoungGen      total 57344K, used 11359K [0x00000000faa80000, 0x00000000ffd00000, 0x0000000100000000)
  eden space 30208K, 0% used [0x00000000faa80000,0x00000000faa80000,0x00000000fc800000)
  from space 27136K, 41% used [0x00000000fe280000,0x00000000fed97e40,0x00000000ffd00000)
  to   space 27136K, 0% used [0x00000000fc800000,0x00000000fc800000,0x00000000fe280000)
 ParOldGen       total 117760K, used 75873K [0x00000000f0000000, 0x00000000f7300000, 0x00000000faa80000)
  object space 117760K, 64% used [0x00000000f0000000,0x00000000f4a186b0,0x00000000f7300000)
 PSPermGen       total 83968K, used 53909K [0x00000000eae00000, 0x00000000f0000000, 0x00000000f0000000)
  object space 83968K, 64% used [0x00000000eae00000,0x00000000ee2a55f0,0x00000000f0000000)
}
Event: 97.871 GC heap before
{Heap before GC invocations=39 (full 2):
 PSYoungGen      total 57344K, used 41567K [0x00000000faa80000, 0x00000000ffd00000, 0x0000000100000000)
  eden space 30208K, 100% used [0x00000000faa80000,0x00000000fc800000,0x00000000fc800000)
  from space 27136K, 41% used [0x00000000fe280000,0x00000000fed97e40,0x00000000ffd00000)
  to   space 27136K, 0% used [0x00000000fc800000,0x00000000fc800000,0x00000000fe280000)
 ParOldGen       total 117760K, used 75873K [0x00000000f0000000, 0x00000000f7300000, 0x00000000faa80000)
  object space 117760K, 64% used [0x00000000f0000000,0x00000000f4a186b0,0x00000000f7300000)
 PSPermGen       total 83968K, used 53969K [0x00000000eae00000, 0x00000000f0000000, 0x00000000f0000000)
  object space 83968K, 64% used [0x00000000eae00000,0x00000000ee2b46f0,0x00000000f0000000)
Event: 97.892 GC heap after
Heap after GC invocations=39 (full 2):
 PSYoungGen      total 57344K, used 12586K [0x00000000faa80000, 0x00000000ffc00000, 0x0000000100000000)
  eden space 30208K, 0% used [0x00000000faa80000,0x00000000faa80000,0x00000000fc800000)
  from space 27136K, 46% used [0x00000000fc800000,0x00000000fd44aa00,0x00000000fe280000)
  to   space 26112K, 0% used [0x00000000fe280000,0x00000000fe280000,0x00000000ffc00000)
 ParOldGen       total 117760K, used 75881K [0x00000000f0000000, 0x00000000f7300000, 0x00000000faa80000)
  object space 117760K, 64% used [0x00000000f0000000,0x00000000f4a1a6b0,0x00000000f7300000)
 PSPermGen       total 83968K, used 53969K [0x00000000eae00000, 0x00000000f0000000, 0x00000000f0000000)
  object space 83968K, 64% used [0x00000000eae00000,0x00000000ee2b46f0,0x00000000f0000000)
}
Event: 104.359 GC heap before
{Heap before GC invocations=40 (full 2):
 PSYoungGen      total 57344K, used 42794K [0x00000000faa80000, 0x00000000ffc00000, 0x0000000100000000)
  eden space 30208K, 100% used [0x00000000faa80000,0x00000000fc800000,0x00000000fc800000)
  from space 27136K, 46% used [0x00000000fc800000,0x00000000fd44aa00,0x00000000fe280000)
  to   space 26112K, 0% used [0x00000000fe280000,0x00000000fe280000,0x00000000ffc00000)
 ParOldGen       total 117760K, used 75881K [0x00000000f0000000, 0x00000000f7300000, 0x00000000faa80000)
  object space 117760K, 64% used [0x00000000f0000000,0x00000000f4a1a6b0,0x00000000f7300000)
 PSPermGen       total 83968K, used 54026K [0x00000000eae00000, 0x00000000f0000000, 0x00000000f0000000)
  object space 83968K, 64% used [0x00000000eae00000,0x00000000ee2c29e0,0x00000000f0000000)
Event: 104.379 GC heap after
Heap after GC invocations=40 (full 2):
 PSYoungGen      total 55296K, used 13413K [0x00000000faa80000, 0x00000000ffa00000, 0x0000000100000000)
  eden space 31232K, 0% used [0x00000000faa80000,0x00000000faa80000,0x00000000fc900000)
  from space 24064K, 55% used [0x00000000fe280000,0x00000000fef995e0,0x00000000ffa00000)
  to   space 25088K, 0% used [0x00000000fc900000,0x00000000fc900000,0x00000000fe180000)
 ParOldGen       total 117760K, used 75889K [0x00000000f0000000, 0x00000000f7300000, 0x00000000faa80000)
  object space 117760K, 64% used [0x00000000f0000000,0x00000000f4a1c6b0,0x00000000f7300000)
 PSPermGen       total 83968K, used 54026K [0x00000000eae00000, 0x00000000f0000000, 0x00000000f0000000)
  object space 83968K, 64% used [0x00000000eae00000,0x00000000ee2c29e0,0x00000000f0000000)
}
Event: 149.935 GC heap before
{Heap before GC invocations=41 (full 2):
 PSYoungGen      total 55296K, used 44645K [0x00000000faa80000, 0x00000000ffa00000, 0x0000000100000000)
  eden space 31232K, 100% used [0x00000000faa80000,0x00000000fc900000,0x00000000fc900000)
  from space 24064K, 55% used [0x00000000fe280000,0x00000000fef995e0,0x00000000ffa00000)
  to   space 25088K, 0% used [0x00000000fc900000,0x00000000fc900000,0x00000000fe180000)
 ParOldGen       total 117760K, used 75889K [0x00000000f0000000, 0x00000000f7300000, 0x00000000faa80000)
  object space 117760K, 64% used [0x00000000f0000000,0x00000000f4a1c6b0,0x00000000f7300000)
 PSPermGen       total 83968K, used 54132K [0x00000000eae00000, 0x00000000f0000000, 0x00000000f0000000)
  object space 83968K, 64% used [0x00000000eae00000,0x00000000ee2dd050,0x00000000f0000000)
Event: 149.955 GC heap after
Heap after GC invocations=41 (full 2):
 PSYoungGen      total 44544K, used 13288K [0x00000000faa80000, 0x00000000ff880000, 0x0000000100000000)
  eden space 31232K, 0% used [0x00000000faa80000,0x00000000faa80000,0x00000000fc900000)
  from space 13312K, 99% used [0x00000000fc900000,0x00000000fd5fa320,0x00000000fd600000)
  to   space 24064K, 0% used [0x00000000fe100000,0x00000000fe100000,0x00000000ff880000)
 ParOldGen       total 117760K, used 75889K [0x00000000f0000000, 0x00000000f7300000, 0x00000000faa80000)
  object space 117760K, 64% used [0x00000000f0000000,0x00000000f4a1c6b0,0x00000000f7300000)
 PSPermGen       total 83968K, used 54132K [0x00000000eae00000, 0x00000000f0000000, 0x00000000f0000000)
  object space 83968K, 64% used [0x00000000eae00000,0x00000000ee2dd050,0x00000000f0000000)
}

